Database pool created successfully
node:events:498
      throw er; // Unhandled 'error' event
      ^

Error: listen EADDRINUSE: address already in use :::3001
    at Server.setupListenHandle [as _listen2] (node:net:1898:16)
    at listenInCluster (node:net:1946:12)
    at Server.listen (node:net:2044:7)
    at Function.listen (/Users/Shared/repos/aisearchscore/server/s01_server-first-app/node_modules/express/lib/application.js:635:24)
    at file:///Users/Shared/repos/aisearchscore/server/s01_server-first-app/server.mjs:49:5
    at ModuleJob.run (node:internal/modules/esm/module_job:262:25)
    at async ModuleLoader.import (node:internal/modules/esm/loader:474:24)
    at async asyncRunEntryPointWithESMLoader (node:internal/modules/run_main:119:5)
Emitted 'error' event on Server instance at:
    at emitErrorNT (node:net:1925:8)
    at process.processTicksAndRejections (node:internal/process/task_queues:82:21) {
  code: 'EADDRINUSE',
  errno: -48,
  syscall: 'listen',
  address: '::',
  port: 3001
}

Node.js v22.1.0
